gamemaster/build/outputs/mapping/release/seeds.txt
cn.wsds.gamemaster.AppInitializer$InitReason: cn.wsds.gamemaster.AppInitializer$InitReason[] values()
cn.wsds.gamemaster.AppInitializer$InitReason: cn.wsds.gamemaster.AppInitializer$InitReason valueOf(java.lang.String)
cn.wsds.gamemaster.AppMain
cn.wsds.gamemaster.AppMain: AppMain()
cn.wsds.gamemaster.GlobalDefines$ConfigName: cn.wsds.gamemaster.GlobalDefines$ConfigName[] values()
cn.wsds.gamemaster.GlobalDefines$ConfigName: cn.wsds.gamemaster.GlobalDefines$ConfigName valueOf(java.lang.String)
cn.wsds.gamemaster.NetDelayDetector$Type: cn.wsds.gamemaster.NetDelayDetector$Type[] values()
cn.wsds.gamemaster.NetDelayDetector$Type: cn.wsds.gamemaster.NetDelayDetector$Type valueOf(java.lang.String)
cn.wsds.gamemaster.R$anim: int accel_progress_out
cn.wsds.gamemaster.R$anim: int fade_in_memory_clean
cn.wsds.gamemaster.R$anim: int float_box_scale_in
cn.wsds.gamemaster.R$anim: int float_box_scale_out
cn.wsds.gamemaster.R$anim: int floatwindow_enter
cn.wsds.gamemaster.R$anim: int layout_push_left
cn.wsds.gamemaster.R$anim: int memory_clean_exit
cn.wsds.gamemaster.R$anim: int push_left_in
cn.wsds.gamemaster.R$anim: int slide_in_bottom
cn.wsds.gamemaster.R$anim: int slide_in_right
cn.wsds.gamemaster.R$anim: int slide_out_left
cn.wsds.gamemaster.R$anim: int slide_out_top
cn.wsds.gamemaster.R$anim: int toast_flow_warning_hide
cn.wsds.gamemaster.R$anim: int toast_flow_warning_show
cn.wsds.gamemaster.R$anim: int toast_flow_warning_text_in
cn.wsds.gamemaster.R$anim: int toast_flow_warning_text_out
cn.wsds.gamemaster.R$anim: int toast_in
cn.wsds.gamemaster.R$anim: int toast_out
cn.wsds.gamemaster.R$anim: int vpn_impower_toast_fade_in
cn.wsds.gamemaster.R$anim: int vpn_impower_toast_fade_out
cn.wsds.gamemaster.R$animator: int hint_in
cn.wsds.gamemaster.R$array: int instructions_0
cn.wsds.gamemaster.R$array: int log_level
cn.wsds.gamemaster.R$array: int new_game_submit_text_1
cn.wsds.gamemaster.R$array: int new_game_submit_text_2
cn.wsds.gamemaster.R$array: int pormpt_user_center
cn.wsds.gamemaster.R$array: int qa_answer_0
cn.wsds.gamemaster.R$array: int qa_answer_1
cn.wsds.gamemaster.R$array: int qa_answer_2
cn.wsds.gamemaster.R$array: int qa_answer_3
cn.wsds.gamemaster.R$array: int qa_answer_4
cn.wsds.gamemaster.R$array: int qa_questions
cn.wsds.gamemaster.R$array: int vpn_impower_help_texts
cn.wsds.gamemaster.R$attr: int aniScaleType
cn.wsds.gamemaster.R$attr: int aniTime
cn.wsds.gamemaster.R$attr: int background
cn.wsds.gamemaster.R$attr: int backgroundRing
cn.wsds.gamemaster.R$attr: int bar
cn.wsds.gamemaster.R$attr: int checkbutton
cn.wsds.gamemaster.R$attr: int clockFormat
cn.wsds.gamemaster.R$attr: int drawAlpha
cn.wsds.gamemaster.R$attr: int duration
cn.wsds.gamemaster.R$attr: int elapsedSeconds
cn.wsds.gamemaster.R$attr: int foregroundRing
cn.wsds.gamemaster.R$attr: int gifAsset
cn.wsds.gamemaster.R$attr: int gifBackground
cn.wsds.gamemaster.R$attr: int gifHeight
cn.wsds.gamemaster.R$attr: int gifLoop
cn.wsds.gamemaster.R$attr: int gifSrc
cn.wsds.gamemaster.R$attr: int gifWidth
cn.wsds.gamemaster.R$attr: int group_icon
cn.wsds.gamemaster.R$attr: int group_label
cn.wsds.gamemaster.R$attr: int group_line_size
cn.wsds.gamemaster.R$attr: int group_message
cn.wsds.gamemaster.R$attr: int group_second_message
cn.wsds.gamemaster.R$attr: int icon
cn.wsds.gamemaster.R$attr: int icon_height
cn.wsds.gamemaster.R$attr: int icon_image
cn.wsds.gamemaster.R$attr: int icon_marginRight
cn.wsds.gamemaster.R$attr: int icon_width
cn.wsds.gamemaster.R$attr: int image
cn.wsds.gamemaster.R$attr: int line_color
cn.wsds.gamemaster.R$attr: int markType
cn.wsds.gamemaster.R$attr: int mark_image
cn.wsds.gamemaster.R$attr: int mark_visible
cn.wsds.gamemaster.R$attr: int message
cn.wsds.gamemaster.R$attr: int min_duration
cn.wsds.gamemaster.R$attr: int outer_diameter
...
com.google.protobuf.DescriptorProtos$DescriptorProto$ReservedRangeOrBuilder
com.google.protobuf.DescriptorProtos$DescriptorProto$ReservedRangeOrBuilder: boolean hasStart()
com.google.protobuf.DescriptorProtos$DescriptorProto$ReservedRangeOrBuilder: int getStart()
com.google.protobuf.DescriptorProtos$DescriptorProto$ReservedRangeOrBuilder: boolean hasEnd()
com.google.protobuf.DescriptorProtos$DescriptorProto$ReservedRangeOrBuilder: int getEnd()
com.google.protobuf.DescriptorProtos$DescriptorProtoOrBuilder
com.google.protobuf.DescriptorProtos$DescriptorProtoOrBuilder: boolean hasName()
com.google.protobuf.DescriptorProtos$DescriptorProtoOrBuilder: java.lang.String getName()
com.google.protobuf.DescriptorProtos$DescriptorProtoOrBuilder: com.google.protobuf.ByteString getNameBytes()
com.google.protobuf.DescriptorProtos$DescriptorProtoOrBuilder: java.util.List getFieldList()
com.google.protobuf.DescriptorProtos$DescriptorProtoOrBuilder: com.google.protobuf.DescriptorProtos$FieldDescriptorProto getField(int)
com.google.protobuf.DescriptorProtos$DescriptorProtoOrBuilder: int getFieldCount()
com.google.protobuf.DescriptorProtos$DescriptorProtoOrBuilder: java.util.List getFieldOrBuilderList()
com.google.protobuf.DescriptorProtos$DescriptorProtoOrBuilder: com.google.protobuf.DescriptorProtos$FieldDescriptorProtoOrBuilder getFieldOrBuilder(int)
com.google.protobuf.DescriptorProtos$DescriptorProtoOrBuilder: java.util.List getExtensionList()
com.google.protobuf.DescriptorProtos$DescriptorProtoOrBuilder: com.google.protobuf.DescriptorProtos$FieldDescriptorProto getExtension(int)
com.google.protobuf.DescriptorProtos$DescriptorProtoOrBuilder: int getExtensionCount()
com.google.protobuf.DescriptorProtos$DescriptorProtoOrBuilder: java.util.List getExtensionOrBuilderList()
com.google.protobuf.DescriptorProtos$DescriptorProtoOrBuilder: com.google.protobuf.DescriptorProtos$FieldDescriptorProtoOrBuilder getExtensionOrBuilder(int)
com.google.protobuf.DescriptorProtos$EnumDescriptorProto
com.google.protobuf.DescriptorProtos$EnumDescriptorProto: int bitField0_
com.google.protobuf.DescriptorProtos$EnumDescriptorProto: int NAME_FIELD_NUMBER
com.google.protobuf.DescriptorProtos$EnumDescriptorProto: java.lang.Object name_
com.google.protobuf.DescriptorProtos$EnumDescriptorProto: int VALUE_FIELD_NUMBER
com.google.protobuf.DescriptorProtos$EnumDescriptorProto: java.util.List value_
com.google.protobuf.DescriptorProtos$EnumDescriptorProto: int OPTIONS_FIELD_NUMBER
com.google.protobuf.DescriptorProtos$EnumDescriptorProto: com.google.protobuf.DescriptorProtos$EnumOptions options_
com.google.protobuf.DescriptorProtos$EnumDescriptorProto: byte memoizedIsInitialized
com.google.protobuf.DescriptorProtos$EnumDescriptorProto: long serialVersionUID
com.google.protobuf.DescriptorProtos$EnumDescriptorProto: com.google.protobuf.DescriptorProtos$EnumDescriptorProto DEFAULT_INSTANCE
com.google.protobuf.DescriptorProtos$EnumDescriptorProto: com.google.protobuf.Parser PARSER
com.google.protobuf.DescriptorProtos$EnumDescriptorProto: void <clinit>()
com.google.protobuf.DescriptorProtos$EnumDescriptorProto: DescriptorProtos$EnumDescriptorProto(com.google.protobuf.GeneratedMessage$Builder)
com.google.protobuf.DescriptorProtos$EnumDescriptorProto: DescriptorProtos$EnumDescriptorProto()
com.google.protobuf.DescriptorProtos$EnumDescriptorProto: com.google.protobuf.UnknownFieldSet getUnknownFields()
com.google.protobuf.DescriptorProtos$EnumDescriptorProto$1
com.google.protobuf.DescriptorProtos$EnumDescriptorProto$1: DescriptorProtos$EnumDescriptorProto$1()
com.google.protobuf.DescriptorProtos$EnumDescriptorProto$1: com.google.protobuf.DescriptorProtos$EnumDescriptorProto parsePartialFrom(com.google.protobuf.CodedInputStream,com.google.protobuf.ExtensionRegistryLite)
com.google.protobuf.DescriptorProtos$EnumDescriptorProto$1: java.lang.Object parsePartialFrom(com.google.protobuf.CodedInputStream,com.google.protobuf.ExtensionRegistryLite)