gamemaster/build/outputs/mapping/release/mapping.txt
cn.wsds.gamemaster.AppInitializer -> cn.wsds.gamemaster.a:
    cn.wsds.gamemaster.AppInitializer instance -> a
    cn.wsds.gamemaster.service.aidl.IGameVpnService iVpnService -> b
    android.content.ServiceConnection connection -> c
    boolean alreadyInitialized -> d
    cn.wsds.gamemaster.event.EventObserver taskObserver -> e
    138:505:void <init>() -> <init>
    157:157:boolean isInitialized() -> a
    161:161:cn.wsds.gamemaster.service.aidl.IGameVpnService getIVpnService() -> b
    165:165:android.content.ServiceConnection getServiceConnection() -> c
    170:190:void showInitErrorBox(java.lang.Throwable,android.app.Activity) -> a
    196:230:boolean execute(cn.wsds.gamemaster.AppInitializer$InitReason,android.app.Activity) -> a
    237:240:void onAppNormalStart(android.content.Context) -> a
    243:243:java.io.File getInitErrorTestFile() -> d
    247:261:void writeInitErrorTestFile(int) -> a
    264:285:int readInitErrorTestFile() -> e
    299:431:void doInit(android.content.Context) -> b
    435:443:void initImageLoader(android.content.Context) -> c
    496:503:void initMessageUploader(android.content.Context) -> d
    830:938:void doInitAfterVpnServicePrepared() -> f
    941:956:void sendKeepalive() -> g
    960:972:void updateMessageUserIdAndNotifyBinder(java.lang.String) -> a
    975:982:void notifyFloatWindowSwitchToService() -> h
cn.wsds.gamemaster.AppInitializer$1 -> cn.wsds.gamemaster.a$1:
    cn.wsds.gamemaster.AppInitializer this$0 -> a
    138:138:void <init>(cn.wsds.gamemaster.AppInitializer) -> <init>
    142:144:void onServiceConnected(android.content.ComponentName,android.os.IBinder) -> onServiceConnected
    148:149:void onServiceDisconnected(android.content.ComponentName) -> onServiceDisconnected
cn.wsds.gamemaster.AppInitializer$2 -> cn.wsds.gamemaster.a$2:
    cn.wsds.gamemaster.AppInitializer this$0 -> a
    182:182:void <init>(cn.wsds.gamemaster.AppInitializer) -> <init>
    186:187:void onDismiss(android.content.DialogInterface) -> onDismiss
cn.wsds.gamemaster.AppInitializer$3 -> cn.wsds.gamemaster.a$3:
    cn.wsds.gamemaster.AppInitializer this$0 -> a
    303:303:void <init>(cn.wsds.gamemaster.AppInitializer) -> <init>
    306:307:void onSubaoIdChange(java.lang.String) -> a
cn.wsds.gamemaster.AppInitializer$4 -> cn.wsds.gamemaster.a$4:
    cn.wsds.gamemaster.AppInitializer this$0 -> a
    376:376:void <init>(cn.wsds.gamemaster.AppInitializer) -> <init>
    379:385:void onTopTaskChange(cn.wsds.gamemaster.app.GameInfo) -> a
    389:391:void onNodeDetectResult(int,int,boolean) -> a
    395:396:void onStartNewGame(cn.wsds.gamemaster.app.GameInfo) -> b
cn.wsds.gamemaster.AppInitializer$5 -> cn.wsds.gamemaster.a$5:
    cn.wsds.gamemaster.AppInitializer this$0 -> a
    505:505:void <init>(cn.wsds.gamemaster.AppInitializer) -> <init>
    509:511:void onVPNOpen() -> a
    516:517:void onVPNClose() -> b
    521:531:void onAPStateChange(int) -> a
    535:543:void onAppInstalled(com.subao.data.InstalledAppInfo) -> a
cn.wsds.gamemaster.AppInitializer$6 -> cn.wsds.gamemaster.a$6:
    cn.wsds.gamemaster.AppInitializer this$0 -> a
    915:915:void <init>(cn.wsds.gamemaster.AppInitializer) -> <init>
    918:918:void onShowDelayInFloatWindowChange(boolean) -> a
    922:923:void onFloatWindowSwitchChange(boolean) -> b
    926:926:void onAutoCleanProgressSwitchChange(boolean) -> c
cn.wsds.gamemaster.AppInitializer$7 -> cn.wsds.gamemaster.a$7:
    cn.wsds.gamemaster.AppInitializer this$0 -> a
    941:941:void <init>(cn.wsds.gamemaster.AppInitializer) -> <init>
    945:954:void run() -> run
cn.wsds.gamemaster.AppInitializer$8 -> cn.wsds.gamemaster.a$8:
    int[] $SwitchMap$cn$wsds$gamemaster$AppInitializer$InitReason -> a
    204:204:void <clinit>() -> <clinit>
...
com.google.protobuf.GeneratedMessageLite -> com.google.protobuf.GeneratedMessageLite:
    long serialVersionUID -> serialVersionUID
    com.google.protobuf.UnknownFieldSetLite unknownFields -> unknownFields
    int memoizedSerializedSize -> memoizedSerializedSize
    57:69:void <init>() -> <init>
    73:73:com.google.protobuf.Parser getParserForType() -> getParserForType
    78:78:com.google.protobuf.GeneratedMessageLite getDefaultInstanceForType() -> getDefaultInstanceForType
    83:83:com.google.protobuf.GeneratedMessageLite$Builder newBuilderForType() -> newBuilderForType
    94:97:void ensureUnknownFieldsInitialized() -> ensureUnknownFieldsInitialized
    105:106:boolean parseUnknownField(int,com.google.protobuf.CodedInputStream) -> parseUnknownField
    113:115:void mergeVarintField(int,int) -> mergeVarintField
    121:123:void mergeLengthDelimitedField(int,com.google.protobuf.ByteString) -> mergeLengthDelimitedField
    129:134:void doneParsing() -> doneParsing
    137:137:boolean isInitialized() -> isInitialized
    141:143:com.google.protobuf.GeneratedMessageLite$Builder toBuilder() -> toBuilder
    java.lang.Object dynamicMethod(com.google.protobuf.GeneratedMessageLite$MethodToInvoke,java.lang.Object,java.lang.Object) -> dynamicMethod
    193:193:java.lang.Object dynamicMethod(com.google.protobuf.GeneratedMessageLite$MethodToInvoke,java.lang.Object) -> dynamicMethod
com.google.protobuf.GeneratedMessageLite$Builder -> com.google.protobuf.GeneratedMessageLite$Builder:
    com.google.protobuf.GeneratedMessageLite defaultInstance -> defaultInstance
    com.google.protobuf.GeneratedMessageLite instance -> instance
    boolean isBuilt -> isBuilt
    223:227:void <init>(com.google.protobuf.GeneratedMessageLite) -> <init>
    234:240:void copyOnWrite() -> copyOnWrite
    244:244:boolean isInitialized() -> isInitialized
    250:251:com.google.protobuf.GeneratedMessageLite$Builder clear() -> clear
    256:259:com.google.protobuf.GeneratedMessageLite$Builder clone() -> clone
    264:272:com.google.protobuf.GeneratedMessageLite buildPartial() -> buildPartial
    277:281:com.google.protobuf.GeneratedMessageLite build() -> build
    286:288:com.google.protobuf.GeneratedMessageLite$Builder mergeFrom(com.google.protobuf.GeneratedMessageLite) -> mergeFrom
    292:292:com.google.protobuf.GeneratedMessageLite getDefaultInstanceForType() -> getDefaultInstanceForType
    299:312:com.google.protobuf.GeneratedMessageLite$Builder mergeFrom(com.google.protobuf.CodedInputStream,com.google.protobuf.ExtensionRegistryLite) -> mergeFrom
    1:1:com.google.protobuf.MessageLite buildPartial() -> buildPartial
    1:1:com.google.protobuf.MessageLite build() -> build
    1:1:com.google.protobuf.MessageLite$Builder mergeFrom(com.google.protobuf.CodedInputStream,com.google.protobuf.ExtensionRegistryLite) -> mergeFrom
com.google.protobuf.GeneratedMessageLite$DefaultInstanceBasedParser -> com.google.protobuf.GeneratedMessageLite$DefaultInstanceBasedParser:
    com.google.protobuf.GeneratedMessageLite defaultInstance -> defaultInstance
    1161:1163:void <init>(com.google.protobuf.GeneratedMessageLite) -> <init>
    1168:1168:com.google.protobuf.GeneratedMessageLite parsePartialFrom(com.google.protobuf.CodedInputStream,com.google.protobuf.ExtensionRegistryLite) -> parsePartialFrom
    1:1:java.lang.Object parsePartialFrom(com.google.protobuf.CodedInputStream,com.google.protobuf.ExtensionRegistryLite) -> parsePartialFrom