gamemaster/build/outputs/mapping/release/usage.txt
cn.wsds.gamemaster.AppInitializer:
    private static final java.lang.String TAG
cn.wsds.gamemaster.AppInitializer$BaseDataInitException
cn.wsds.gamemaster.AppInitializer$EventObserver_DNSStatistic:
    private static final java.lang.String FILE_NAME
    private static final java.lang.String KEY_AWX
    private static final java.lang.String KEY_APP
cn.wsds.gamemaster.AppInitializer$InitFailException:
    private static final long serialVersionUID
    public static final int ERROR_BAD_BASE_DATA
    public static final int ERROR_GAME_MANAGER
    public static final int ERROR_PROXY_SO_LOAD
cn.wsds.gamemaster.AppMain:
    private static final java.lang.String TAG
    68:68:public static long getStartTime()
cn.wsds.gamemaster.AutoProcessCleanTrigger:
    private static final long AUTO_PROCESS_CLEAN_PERIOD_FIVE
    private static final long AUTO_PROCESS_CLEAN_PERIOD_TEN
    private static final long AUTO_PROCESS_CLEAN_PERIOD_FIFTEEN
cn.wsds.gamemaster.BuildConfig
cn.wsds.gamemaster.ErrorReportor:
    private static final boolean enabled
    21:21:public ErrorReportor()
cn.wsds.gamemaster.ErrorReportor$Callback$CrashRecorder:
    private static final java.lang.String CRLF
    27:27:private ErrorReportor$Callback$CrashRecorder()
cn.wsds.gamemaster.FirstNetDelayManager:
    private static final java.lang.String TAG
cn.wsds.gamemaster.GlobalDefines:
    public static final boolean CHECK_MAIN_THREAD
    public static final int NET_DELAY_TIMEOUT
    public static final int NET_DELAY_TEST_FAILED
    public static final int NET_DELAY_TEST_WAIT
    public static final int MAX_COUNT_OF_CONNECTION_REPAIR
    public static final java.lang.String APP_NAME_FOR_HTTP_REQUEST
    public static final int START_ACTIVITY_REQUEST_CODE_VPN_IMPOWER
    public static final int START_ACTIVITY_REQUEST_CODE_MEMORY_CLEAN
    public static final java.lang.String EVENT_PARAM_FROM_APP
    public static final java.lang.String EVENT_PARAM_FROM_JPUSH
    public static final java.lang.String TESTTAG
    3:3:public GlobalDefines()
cn.wsds.gamemaster.LogTagCombineAccel
cn.wsds.gamemaster.LogTagGame
cn.wsds.gamemaster.LogTagUser
cn.wsds.gamemaster.MainHandler:
    private static final java.lang.String TAG
    private static final int MSG_CLOSE_ACCEL_FOR_TESTER
    private static final int MSG_OPEN_ACCEL_AFTER_TESTER_CLOSE
    private static final int MSG_ACCEL_DATA_DOWNLOAD
    private static final int MSG_SHOW_DEBUG_MESSAGE
    private static final int MSG_TOAST
    public static final int MSG_CHECK_USER_DATA
    public static final int MSG_SAVE_USER_DATA
    public static final int MSG_UPLOAD_USER_DATA
    public static final int MSG_SHOW_EFFECT_CONNECTION_REPAIR
    public static final int MSG_SHOW_EFFECT_ACCEL_SUCCEED
    public static final int MSG_SHOW_EFFECT_FLOW_EXCEPTION
    private static final int MSG_MEDIA_MOUNTED
    public static final int MSG_CHECK_2G_CHANGE
    93:93:android.content.Context getContext()
    179:180:public void showDebugMessage(java.lang.String)
    188:195:public void showScreenShotMask(long)
    206:207:public void onProxyRightsDisabled()
    30:30:static synthetic android.content.Context access$000(cn.wsds.gamemaster.MainHandler)
cn.wsds.gamemaster.MainHandler$1
cn.wsds.gamemaster.MainHandler$2
cn.wsds.gamemaster.MainHandler$ProxyRightsDisabledProcessor
cn.wsds.gamemaster.Manifest
cn.wsds.gamemaster.Manifest$permission
cn.wsds.gamemaster.Misc:
    private static final long MILLISECONDS_PER_DAY
    30:30:public Misc()
    71:104:public static long extractMobileFlowFromGameLog(java.lang.String)
    153:165:public static boolean isIpLocal(java.lang.String)
cn.wsds.gamemaster.NetDelayDetector:
    29:29:public NetDelayDetector()
cn.wsds.gamemaster.NetDelayDetector$Worker:
    public static final long PERIOD
cn.wsds.gamemaster.PhoneCtrl:
    15:15:public PhoneCtrl()
cn.wsds.gamemaster.PhoneEvent:
    79:84:private void unregisterPhoneListener()
    102:106:public void removeObserver(cn.wsds.gamemaster.PhoneEvent$Observer)
...
com.subao.common.data.PortalDataDownloader:
    public static final int CONNECT_TIMEOUT
    public static final int RECEIVE_TIMEOUT
    private static final java.lang.String TAG
com.subao.common.data.PortalDataEx:
    static final int MIN_SIZE
    static final int MAX_SIZE
com.subao.common.data.PortalMiscConfigDownloader$MiscConfig:
    static final java.lang.String KEY_EVENT_RATIO_TG
    static final java.lang.String KEY_EVENT_RATIO_AUTH
    static final java.lang.String KEY_AUTH_HTTP
    static final java.lang.String KEY_ACCEL_INFO_UP_PROTOCOL
    static final int MAX_EVENT_RATIO
    82:82:int getEventRateTencent()
    89:89:int getEventRateAuth()
    96:96:boolean doesAuthUseHttp()
    103:103:java.lang.String getProtocolAccelInfoUpload()
com.subao.common.data.PortalScriptDownloader:
    private static final java.lang.String TAG
com.subao.common.data.QosRegionConfig:
    private static final java.lang.String TAG
    private static final java.lang.String KEY_PREFIX_CFG
com.subao.common.data.QosRegionConfig$Config:
    117:128:static com.subao.common.data.QosRegionConfig$Config createDefaultData()
com.subao.common.data.RegionAndISP:
    23:26:public static java.lang.String toText(com.subao.common.data.RegionAndISP)
    38:64:public java.lang.String toText()
com.subao.common.data.ServiceConfig:
    private static final java.lang.String FILE_NAME_PREFIX
    69:73:public static java.io.File createFile(java.io.File,boolean)
    177:177:public java.lang.Integer getLogLevel()
    204:204:public java.lang.String getUrlH5()
    213:213:public java.lang.Integer getAccelRecommendation()
com.subao.common.data.SmartIPSelector
com.subao.common.data.SubaoIdManager:
    private static final java.lang.String TAG
    private static final java.lang.String FILENAME
    private static final int SUBAO_ID_CHARS
    public static final java.lang.String EMPTY_SUBAO_ID
    53:53:public boolean isSubaoIdValid()
com.subao.common.data.UserAccelInfoUploader:
    public static final java.lang.String DEFAULT_PROTOCOL
com.subao.common.io.FileOperator:
    15:15:public FileOperator()
    47:66:private static boolean write(java.io.File,byte[],boolean)
    71:71:public static boolean write(java.io.File,byte[])
    81:99:public static byte[] read(java.io.File)
    103:103:public static java.lang.String getDataDirectoryAbsolutePath()
    107:117:static java.lang.String appendPathCharIfNeed(java.lang.String)
com.subao.common.io.PersistentFactory:
    13:13:public PersistentFactory()
com.subao.common.jni.JniWrapper:
    private static final java.lang.String TAG
    59:59:public com.subao.vpn.JniCallback getJniCallback()
    105:106:public final void injectScript(byte[])
    121:121:public boolean startProxy()
    224:225:public void onUDPDelay(int)
    228:228:public int getAccelRecommendation()
    232:233:public void setRecommendationGameIP(java.lang.String,int)
    236:237:public void setSDKGameServerIP(java.lang.String)
    241:241:public java.lang.String getWebUIUrl()
    249:249:public boolean getSDKUDPIsProxy()
    253:253:public java.lang.String getVIPValidTime()
    317:317:public java.lang.String getAccelRecommendationData(int)
    327:328:public void onAccelRecommendationResult(int,boolean)
com.subao.common.jni.VPNJniCallback
com.subao.common.model.AccelGameListManager:
    32:32:public java.util.List getAccelGameList()
com.subao.common.msg.MessageBuilder:
    64:64:public com.subao.common.msg.Message_Gaming buildMessageGaming(com.subao.common.msg.MessageUserId,long,com.subao.common.msg.MessageTools$GameInfo,com.subao.common.msg.Message_Gaming$AccelMode)
    83:83:public com.subao.common.data.AppType getAppType()
    137:141:public com.subao.common.msg.Message_EventMsg buildMessageEvent_TencentGameDelayInfo(com.subao.common.msg.MessageUserId,int,int,float)
    145:149:public com.subao.common.msg.Message_EventMsg buildMessageEvent_AccelRecommendation(com.subao.common.msg.MessageUserId,int,int,boolean)